2018/03/29 11:10:39 api.go:65: Request MethodName: [genRedPacket], Rtime[232µs]
2018/03/29 11:10:44 api.go:65: Request MethodName: [genRedPacket], Rtime[153µs]
2018/03/29 11:11:10 api.go:65: Request MethodName: [genRedPacket], Rtime[57µs]
2018/03/29 11:12:28 api.go:65: Request MethodName: [genRedPacket], Rtime[266µs]
2018/03/29 11:12:32 api.go:65: Request MethodName: [genRedPacket], Rtime[67µs]
2018/03/29 11:12:37 api.go:65: Request MethodName: [genRedPacket], Rtime[88µs]
2018/03/29 11:12:42 api.go:65: Request MethodName: [genRedPacket], Rtime[48µs]
2018/03/29 11:12:46 api.go:65: Request MethodName: [genRedPacket], Rtime[144µs]
2018/03/29 11:13:30 api.go:65: Request MethodName: [genRedPacket], Rtime[268µs]
2018/03/29 11:13:38 api.go:65: Request MethodName: [genRedPacket], Rtime[59µs]
2018/03/29 11:13:41 api.go:65: Request MethodName: [genRedPacket], Rtime[77µs]
2018/03/29 11:13:46 api.go:65: Request MethodName: [genRedPacket], Rtime[67µs]
2018/03/29 11:13:59 api.go:65: Request MethodName: [genRedPacket], Rtime[165µs]
2018/03/29 11:32:23 api.go:65: Request MethodName: [genRedPacket], Rtime[272µs]
2018/03/29 11:32:27 api.go:65: Request MethodName: [genRedPacket], Rtime[63µs]
2018/03/29 11:32:31 api.go:65: Request MethodName: [genRedPacket], Rtime[56µs]
2018/03/29 11:32:34 api.go:65: Request MethodName: [genRedPacket], Rtime[63µs]
2018/03/29 11:32:41 api.go:65: Request MethodName: [genRedPacket], Rtime[51µs]
2018/03/29 11:32:50 api.go:65: Request MethodName: [genRedPacket], Rtime[71µs]
2018/03/29 11:32:53 api.go:65: Request MethodName: [genRedPacket], Rtime[58µs]
2018/03/29 11:32:57 api.go:65: Request MethodName: [genRedPacket], Rtime[173µs]
2018/03/29 11:33:05 api.go:65: Request MethodName: [genRedPacket], Rtime[51µs]
2018/03/29 11:33:08 api.go:65: Request MethodName: [genRedPacket], Rtime[48µs]
2018/03/29 11:33:20 api.go:65: Request MethodName: [genRedPacket], Rtime[78µs]
2018/03/29 11:33:28 api.go:65: Request MethodName: [genRedPacket], Rtime[61µs]
2018/03/29 11:33:32 api.go:65: Request MethodName: [genRedPacket], Rtime[51µs]
2018/03/29 11:33:35 api.go:65: Request MethodName: [genRedPacket], Rtime[75µs]
2018/03/29 11:33:42 api.go:65: Request MethodName: [genRedPacket], Rtime[48µs]
2018/03/29 11:33:48 api.go:65: Request MethodName: [genRedPacket], Rtime[64µs]
2018/03/29 11:33:57 api.go:65: Request MethodName: [genRedPacket], Rtime[54µs]
2018/03/29 11:34:00 api.go:65: Request MethodName: [genRedPacket], Rtime[57µs]
2018/03/29 11:34:07 api.go:65: Request MethodName: [genRedPacket], Rtime[50µs]
2018/03/29 11:34:14 api.go:65: Request MethodName: [genRedPacket], Rtime[57µs]
2018/03/29 11:34:17 api.go:65: Request MethodName: [genRedPacket], Rtime[65µs]
2018/03/29 11:43:08 redPacket.go:22: request genRedPacket json decode err: unexpected EOF
2018/03/29 11:43:08 api.go:65: Request MethodName: [genRedPacket], Rtime[1.582ms]
2018/03/29 11:43:28 redPacket.go:22: request genRedPacket json decode err: unexpected EOF
2018/03/29 11:43:28 api.go:65: Request MethodName: [genRedPacket], Rtime[1.049ms]
2018/03/29 12:12:29 redPacket.go:39: {40000 [200 200 200 200 200 200 200 200 200 200 200 200 200 200 200 200 200 200 200 200 200 200 200 200 200 200 200 200 200 200 200 200 200 200 200 200 200 200 200 200 200 200 200 200 200 200 200 200 200 200 200 200 200 200 200 200 200 200 200 200 200 200 200 200 200 200 200 200 200 200 200 200 200 200 200 200 200 200 200 200 200 200 200 200 200 200 200 200 200 200 200 200 200 200 200 200 200 200 200 200 200 200 200 200 200 200 200 200 200 200 200 200 200 200 200 200 200 200 200 200 200 200 200 200 200 200 200 200 200 200 200 200 200 200 200 200 200 200 200 200 200 200 200 200 200 200 200 200 200 200 200 200 200 200 200 200 200 200 200 200 200 200 200 200 200 200 200 200 200 200 200 200 200 200 200 200 200 200 200 200 200 200 200 200 200 200 200 200 200 200 200 200 200 200 200 200 200 200 200 200] 0 0}
2018/03/29 12:12:29 api.go:65: Request MethodName: [genRedPacket], Rtime[19.65ms]
2018/03/29 12:13:02 redPacket.go:39: {100 [1.06 0.69 0.37 0.45 2.82 0.18 0.2 0.21 1 1.65 0.18 1.69 0.48 0.03 0.62 0.09 1.27 0.55 0.23 0.67 0.34 0.47 0.22 0.21 0.58 0.22 0.52 0.17 1.34 0.3 0.65 0.34 0.44 0.33 0.32 0.74 0.36 0.58 0.31 0.19 0.18 0.49 0.09 0.18 0.99 0.53 0.53 0.13 0.19 0.01 0.03 0.19 0.22 0.15 2.17 0.45 0.2 0.47 0.36 1.74 0.43 0.27 0.06 0.34 0.61 0.44 0.18 0.51 0.45 0.1 1.3 0.43 0.31 0.03 0.72 0.03 0.15 0.35 0.37 0.21 0.5 0.25 0.27 1.1 0.52 1.35 0.19 0.49 0.1 0.33 0.03 0.37 0.64 0.62 0.21 0.05 0.16 0.52 0.55 0.19 0.4 0.4 0.23 0.69 0.83 0.62 0.17 0.61 0.47 0.41 0.5 0.7 0.27 0.84 0.52 0.5 0.03 0.28 0.04 0.63 0.96 0.71 0.36 0.21 1.32 0.94 0.48 0.63 0.3 0.58 0.89 0.47 0.56 0.37 0.33 0.07 0.29 3.71 1.07 0.6 0.54 1.98 0.83 0.16 0.38 0.14 0.52 0.06 0.34 0.23 1.73 0.15 0.38 1.03 0.28 0.36 0.41 0.36 0.28 0.79 0.55 0.21 0.74 0.23 1.68 0.52 0.31 0.07 0.21 0.4 0.3 0.46 0.03 0.94 0.31 0.59 0.5 0.22 0.33 0.13 0.45 0.37 0.88 0.61 0.54 0.19 0.31 0.18 0.48 0.32 0.18 0.36 0.61 0.1 0.47 0.52 0.36 0.31 0.59 0.4] 49 137}
2018/03/29 12:13:02 httpclient.go:123: login robot result code error:  10000 该用户不在房间内
2018/03/29 12:13:02 api.go:65: Request MethodName: [genRedPacket], Rtime[528.284ms]
2018/03/29 12:15:55 redPacket.go:39: {100 [4.67 3.65 1.55 4.72 6.44 6.79 3.72 4.05 19.07 8.51 0.38 6.04 2.22 1.72 4.09 1.17 5.16 0.55 11.2 4.3] 10 8}
2018/03/29 12:15:56 httpclient.go:123: login robot result code error:  10000 该用户不在房间内
2018/03/29 12:15:56 api.go:65: Request MethodName: [genRedPacket], Rtime[316.242ms]
2018/03/29 12:17:38 redPacket.go:39: {100 [70.29 29.71] 1 0}
2018/03/29 12:17:38 balance.go:259: &{1 1 9900 0 100 0 1 a4c03b4305115655347e1d6c443d7d65 49df8eb314029e8f38f145b832062343}
2018/03/29 12:17:38 balance.go:260: &{1 1 9900 0 100 0 1 a4c03b4305115655347e1d6c443d7d65 49df8eb314029e8f38f145b832062343}
2018/03/29 12:17:39 httpclient.go:123: login robot result code error:  10000 该用户不在房间内
2018/03/29 12:17:39 api.go:65: Request MethodName: [genRedPacket], Rtime[284.114ms]
2018/03/29 12:18:56 redPacket.go:39: {100 [60.64 39.36] 1 0}
2018/03/29 12:18:56 balance.go:259: &{1 1 9800 0 200 0 1 497d47ef7e847711f0ee429864c67e7d 381b1350f8a36e2a3722b86b9d66005e}
2018/03/29 12:18:56 balance.go:260: &{1 1 9800 0 200 0 1 497d47ef7e847711f0ee429864c67e7d 381b1350f8a36e2a3722b86b9d66005e}
2018/03/29 12:18:56 httpclient.go:123: login robot result code error:  10000 该用户不在房间内
2018/03/29 12:18:56 api.go:65: Request MethodName: [genRedPacket], Rtime[296.225ms]
2018/03/29 13:55:13 redPacket.go:39: {100 [23.49 76.51] 0 1}
2018/03/29 13:55:13 balance.go:261: &{1 1 9700 0 300 0 1 bf75a8635d0ad75d9380c0acaa810459 57d7b71b5e2870b348ed47cb537c72d4}
2018/03/29 13:55:13 balance.go:262: &{1 1 9600 0 400 0 1 8e48ed1f2e5812fa6cb2d515128e4c34 f05d1a062cf143ef1eff212b8716a0f4}
2018/03/29 13:55:13 httpclient.go:123: login robot result code error:  10000 该用户不在房间内
2018/03/29 13:55:13 api.go:65: Request MethodName: [genRedPacket], Rtime[304.376ms]
2018/03/29 13:58:12 redPacket.go:39: {100 [26.5 21.95 51.55] 1 2}
2018/03/29 13:58:12 balance.go:261: &{1 1 9600 0 400 0 1 8e48ed1f2e5812fa6cb2d515128e4c34 f05d1a062cf143ef1eff212b8716a0f4}
2018/03/29 13:58:12 balance.go:262: &{1 1 9500 0 500 0 1 708962974242747bbe1f2b8d6eef1936 7877bf3631e67c812182dd687e5d4548}
2018/03/29 13:58:12 httpclient.go:123: login robot result code error:  10000 该用户不在房间内
2018/03/29 13:58:12 api.go:65: Request MethodName: [genRedPacket], Rtime[88.742ms]
2018/03/29 13:58:16 redPacket.go:39: {300 [100 100 100] 0 0}
2018/03/29 13:58:16 balance.go:261: &{1 1 9500 0 500 0 1 708962974242747bbe1f2b8d6eef1936 7877bf3631e67c812182dd687e5d4548}
2018/03/29 13:58:16 balance.go:262: &{1 1 9200 0 800 0 1 9e42cd84e697797569416cdec847afd7 86c50506870360002b65f7274bfd23fd}
2018/03/29 13:58:16 httpclient.go:123: login robot result code error:  10000 该用户不在房间内
2018/03/29 13:58:16 api.go:65: Request MethodName: [genRedPacket], Rtime[110.42ms]
2018/03/29 13:58:31 redPacket.go:39: {40000 [200 200 200 200 200 200 200 200 200 200 200 200 200 200 200 200 200 200 200 200 200 200 200 200 200 200 200 200 200 200 200 200 200 200 200 200 200 200 200 200 200 200 200 200 200 200 200 200 200 200 200 200 200 200 200 200 200 200 200 200 200 200 200 200 200 200 200 200 200 200 200 200 200 200 200 200 200 200 200 200 200 200 200 200 200 200 200 200 200 200 200 200 200 200 200 200 200 200 200 200 200 200 200 200 200 200 200 200 200 200 200 200 200 200 200 200 200 200 200 200 200 200 200 200 200 200 200 200 200 200 200 200 200 200 200 200 200 200 200 200 200 200 200 200 200 200 200 200 200 200 200 200 200 200 200 200 200 200 200 200 200 200 200 200 200 200 200 200 200 200 200 200 200 200 200 200 200 200 200 200 200 200 200 200 200 200 200 200 200 200 200 200 200 200 200 200 200 200 200 200] 0 0}
2018/03/29 13:58:31 api.go:65: Request MethodName: [genRedPacket], Rtime[8.81ms]
2018/03/29 14:01:28 redPacket.go:39: {40000 [200 200 200 200 200 200 200 200 200 200 200 200 200 200 200 200 200 200 200 200 200 200 200 200 200 200 200 200 200 200 200 200 200 200 200 200 200 200 200 200 200 200 200 200 200 200 200 200 200 200 200 200 200 200 200 200 200 200 200 200 200 200 200 200 200 200 200 200 200 200 200 200 200 200 200 200 200 200 200 200 200 200 200 200 200 200 200 200 200 200 200 200 200 200 200 200 200 200 200 200 200 200 200 200 200 200 200 200 200 200 200 200 200 200 200 200 200 200 200 200 200 200 200 200 200 200 200 200 200 200 200 200 200 200 200 200 200 200 200 200 200 200 200 200 200 200 200 200 200 200 200 200 200 200 200 200 200 200 200 200 200 200 200 200 200 200 200 200 200 200 200 200 200 200 200 200 200 200 200 200 200 200 200 200 200 200 200 200 200 200 200 200 200 200 200 200 200 200 200 200] 0 0}
2018/03/29 14:01:28 balance.go:214: record not found
2018/03/29 14:01:28 api.go:65: Request MethodName: [genRedPacket], Rtime[3.435ms]
2018/03/29 14:01:52 redpacket.go:148: 1 
2018/03/29 14:01:52 redpacket.go:153: 1
2018/03/29 14:01:52 redpacket.go:154:  1
2018/03/29 14:01:52 redpacket.go:156: []
2018/03/29 14:01:52 api.go:65: Request MethodName: [checkUserRedPacket], Rtime[2.641ms]
2018/03/29 14:02:11 redpacket.go:148: 1 
2018/03/29 14:02:11 redpacket.go:153: 1
2018/03/29 14:02:11 redpacket.go:154:  1
2018/03/29 14:02:11 redpacket.go:156: []
2018/03/29 14:02:11 redPacket.go:104: &{1 1 9200 0 800 0 1 9e42cd84e697797569416cdec847afd7 86c50506870360002b65f7274bfd23fd}
2018/03/29 14:02:11 redpacket.go:148: 1 
2018/03/29 14:02:11 redpacket.go:153: 1
2018/03/29 14:02:11 redpacket.go:154:  1
2018/03/29 14:02:11 redpacket.go:156: []
2018/03/29 14:02:11 balance.go:261: &{1 1 9200 0 800 0 1 9e42cd84e697797569416cdec847afd7 86c50506870360002b65f7274bfd23fd}
2018/03/29 14:02:11 balance.go:262: &{1 1 9300 100 800 0 1 3ed780418eb71cb09e548db36c688874 f71e7ab627e31abad74bb5cd5f3a83d7}
2018/03/29 14:02:12 api.go:65: Request MethodName: [grabRedPacket], Rtime[39.63ms]
2018/03/29 14:02:23 redpacket.go:148: 1 ;1
2018/03/29 14:02:23 redpacket.go:153: 1
2018/03/29 14:02:23 redpacket.go:154: ;1 1
2018/03/29 14:02:23 redpacket.go:156: [ 1]
2018/03/29 14:02:23 api.go:65: Request MethodName: [checkUserRedPacket], Rtime[4.278ms]
2018/03/29 14:03:38 redpacket.go:148: 1 ;1
2018/03/29 14:03:38 redpacket.go:153: 1
2018/03/29 14:03:38 redpacket.go:154: ;1 1
2018/03/29 14:03:38 redpacket.go:156: [ 1]
2018/03/29 14:03:38 redPacket.go:104: &{1 1 9300 100 800 0 1 3ed780418eb71cb09e548db36c688874 f71e7ab627e31abad74bb5cd5f3a83d7}
2018/03/29 14:03:38 redpacket.go:148: 1 ;1
2018/03/29 14:03:38 redpacket.go:153: 1
2018/03/29 14:03:38 redpacket.go:154: ;1 1
2018/03/29 14:03:38 redpacket.go:156: [ 1]
2018/03/29 14:03:38 api.go:65: Request MethodName: [grabRedPacket], Rtime[7.84ms]
2018/03/29 14:03:48 redpacket.go:148: 2 ;1
2018/03/29 14:03:48 redpacket.go:153: 2
2018/03/29 14:03:48 redpacket.go:154: ;1 2
2018/03/29 14:03:48 redpacket.go:156: [ 1]
2018/03/29 14:03:48 api.go:65: Request MethodName: [checkUserRedPacket], Rtime[4.813ms]
2018/03/29 14:03:54 redpacket.go:148: 2 ;1
2018/03/29 14:03:54 redpacket.go:153: 2
2018/03/29 14:03:54 redpacket.go:154: ;1 2
2018/03/29 14:03:54 redpacket.go:156: [ 1]
2018/03/29 14:03:54 redPacket.go:104: &{2 2 210 10 0 0 1 06625eb334eb0123d82cb6a276b8b7fb 2da2906d22d701c4dca48068f571c973}
2018/03/29 14:03:54 redpacket.go:148: 2 ;1
2018/03/29 14:03:54 redpacket.go:153: 2
2018/03/29 14:03:54 redpacket.go:154: ;1 2
2018/03/29 14:03:54 redpacket.go:156: [ 1]
2018/03/29 14:03:54 balance.go:261: &{2 2 210 10 0 0 1 06625eb334eb0123d82cb6a276b8b7fb 2da2906d22d701c4dca48068f571c973}
2018/03/29 14:03:54 balance.go:262: &{2 2 310 110 0 0 1 5045a48476fa13484d2cb2c5cebebda3 200bfd31575b1fb80a6883d4ec9ad9d7}
2018/03/29 14:03:54 api.go:65: Request MethodName: [grabRedPacket], Rtime[11.592ms]
2018/03/29 14:03:56 redpacket.go:148: 2 ;1;2
2018/03/29 14:03:56 redpacket.go:153: 2
2018/03/29 14:03:56 redpacket.go:154: ;1;2 2
2018/03/29 14:03:56 redpacket.go:156: [ 1 2]
2018/03/29 14:03:56 redPacket.go:104: &{2 2 310 110 0 0 1 5045a48476fa13484d2cb2c5cebebda3 200bfd31575b1fb80a6883d4ec9ad9d7}
2018/03/29 14:03:56 redpacket.go:148: 2 ;1;2
2018/03/29 14:03:56 redpacket.go:153: 2
2018/03/29 14:03:56 redpacket.go:154: ;1;2 2
2018/03/29 14:03:56 redpacket.go:156: [ 1 2]
2018/03/29 14:03:56 api.go:65: Request MethodName: [grabRedPacket], Rtime[4.097ms]
2018/03/29 14:04:01 redpacket.go:148: 1 ;1;2
2018/03/29 14:04:01 redpacket.go:153: 1
2018/03/29 14:04:01 redpacket.go:154: ;1;2 1
2018/03/29 14:04:01 redpacket.go:156: [ 1 2]
2018/03/29 14:04:01 redPacket.go:104: &{1 1 9300 100 800 0 1 3ed780418eb71cb09e548db36c688874 f71e7ab627e31abad74bb5cd5f3a83d7}
2018/03/29 14:04:01 redpacket.go:148: 1 ;1;2
2018/03/29 14:04:01 redpacket.go:153: 1
2018/03/29 14:04:01 redpacket.go:154: ;1;2 1
2018/03/29 14:04:01 redpacket.go:156: [ 1 2]
2018/03/29 14:04:01 api.go:65: Request MethodName: [grabRedPacket], Rtime[4.787ms]
2018/03/29 14:04:05 redpacket.go:148: 3 ;1;2
2018/03/29 14:04:05 redpacket.go:153: 3
2018/03/29 14:04:05 redpacket.go:154: ;1;2 3
2018/03/29 14:04:05 redpacket.go:156: [ 1 2]
2018/03/29 14:04:05 api.go:65: Request MethodName: [checkUserRedPacket], Rtime[4.562ms]
2018/03/29 14:04:10 redpacket.go:148: 3 ;1;2
2018/03/29 14:04:10 redpacket.go:153: 3
2018/03/29 14:04:10 redpacket.go:154: ;1;2 3
2018/03/29 14:04:10 redpacket.go:156: [ 1 2]
2018/03/29 14:04:10 redPacket.go:104: &{3 3 320 20 0 0 1 3145ccd471142e412e76bfca329bc02a 7f8e5ae12a2db62216681f4cbc0a7aff}
2018/03/29 14:04:10 redpacket.go:148: 3 ;1;2
2018/03/29 14:04:10 redpacket.go:153: 3
2018/03/29 14:04:10 redpacket.go:154: ;1;2 3
2018/03/29 14:04:10 redpacket.go:156: [ 1 2]
2018/03/29 14:04:10 balance.go:261: &{3 3 320 20 0 0 1 3145ccd471142e412e76bfca329bc02a 7f8e5ae12a2db62216681f4cbc0a7aff}
2018/03/29 14:04:10 balance.go:262: &{3 3 420 120 0 0 1 5a19a3657cf6f25ea49e6d54a3f91831 1d0ac531ae692076f42b1b91b742410f}
2018/03/29 14:04:10 api.go:65: Request MethodName: [grabRedPacket], Rtime[10.697ms]
2018/03/29 14:04:12 redPacket.go:104: &{3 3 420 120 0 0 1 5a19a3657cf6f25ea49e6d54a3f91831 1d0ac531ae692076f42b1b91b742410f}
2018/03/29 14:04:12 api.go:65: Request MethodName: [grabRedPacket], Rtime[5.447ms]
2018/03/29 14:04:18 api.go:65: Request MethodName: [checkUserRedPacket], Rtime[866µs]
2018/03/29 14:04:38 api.go:65: Request MethodName: [checkUserRedPacket], Rtime[865µs]
2018/03/29 14:04:42 redPacket.go:104: &{4 4 410 10 0 0 1 70d91a44a24efefd0c41723860a9a0b3 2bbd6816de0e2871e17c5f531bc4e613}
2018/03/29 14:04:42 api.go:65: Request MethodName: [grabRedPacket], Rtime[1.906ms]
2018/03/29 14:04:48 redPacket.go:104: &{5 5 510 10 0 0 1 f799c7a98e9d7d73b92b99f30e11129d 025e9b793a2fe9ecd0f982b8934b2416}
2018/03/29 14:04:48 api.go:65: Request MethodName: [grabRedPacket], Rtime[2.356ms]
